<?xml version="1.0" encoding="UTF-8"?>
<!-- Generated by org.testng.reporters.JUnitReportReporter -->
<testsuite hostname="DESKTOP-HSV800E" failures="0" tests="1" name="com.orangehrm.testcases.PIMEmployeeListTestCases" time="34.464" errors="0" timestamp="2025-01-11T18:13:29 IST" skipped="0">
  <testcase classname="com.orangehrm.testcases.PIMEmployeeListTestCases" name="verifySearchWithSubUnit" time="34.464"/>
</testsuite> <!-- com.orangehrm.testcases.PIMEmployeeListTestCases -->
