<?xml version="1.0" encoding="UTF-8"?>
<!-- Generated by org.testng.reporters.JUnitReportReporter -->
<testsuite hostname="DESKTOP-HSV800E" failures="0" tests="1" name="dev.mycompany.OrangeHRM.TestCases.Login" time="4.931" errors="0" timestamp="2025-01-03T17:14:59 IST" skipped="0">
  <testcase classname="dev.mycompany.OrangeHRM.TestCases.Login" name="verifyLoginWithValidCredential" time="4.931"/>
</testsuite> <!-- dev.mycompany.OrangeHRM.TestCases.Login -->
