<?xml version="1.0" encoding="UTF-8"?>
<!-- Generated by org.testng.reporters.JUnitReportReporter -->
<testsuite hostname="DESKTOP-HSV800E" failures="0" tests="1" name="com.orangehrm.testcases.PIMEmployeeListTestCases" time="12.145" errors="0" timestamp="2025-01-13T14:42:09 IST" skipped="0">
  <testcase classname="com.orangehrm.testcases.PIMEmployeeListTestCases" name="verifyAddEmployeeButtonFunctionality" time="12.145"/>
</testsuite> <!-- com.orangehrm.testcases.PIMEmployeeListTestCases -->
